<?xml version="1.0" encoding="UTF-8"?>
<!-- Generated by org.testng.reporters.JUnitXMLReporter -->
<testsuite ignored="0" hostname="DESKTOP-QUDC6GG" failures="0" tests="4" name="NegativeLogInTest" time="58.613" errors="0" timestamp="09 июн. 2020 15:50:07 GMT">
  <testcase classname="com.phptravels.logintests.NegativeLogInTest" name="negativeLogInTest" time="13.041"/>
  <testcase classname="com.phptravels.logintests.NegativeLogInTest" name="negativeLogInTest" time="6.515"/>
  <testcase classname="com.phptravels.logintests.NegativeLogInTest" name="negativeLogInTest" time="5.7"/>
  <testcase classname="com.phptravels.logintests.NegativeLogInTest" name="negativeLogInTest" time="5.665"/>
</testsuite> <!-- NegativeLogInTest -->
